2024-01-10 14:22:18.086 [info] Extension host with pid 87466 started
2024-01-10 14:22:18.086 [info] Skipping acquiring lock for /opt/lampp/htdocs/laravel-ecommerce/~/.vscode-root/User/workspaceStorage/6132751978213c0fb40fa78d6aa78fe4.
2024-01-10 14:22:18.238 [info] ExtensionService#_doActivateExtension vscode.emmet, startup: false, activationEvent: 'onLanguage'
2024-01-10 14:22:18.247 [info] ExtensionService#_doActivateExtension onecentlin.laravel-blade, startup: false, activationEvent: 'onLanguage:blade'
2024-01-10 14:22:18.284 [info] ExtensionService#_doActivateExtension shufo.vscode-blade-formatter, startup: false, activationEvent: 'onLanguage:blade'
2024-01-10 14:22:18.868 [info] ExtensionService#_doActivateExtension vscode.git-base, startup: true, activationEvent: '*', root cause: vscode.git
2024-01-10 14:22:18.894 [info] ExtensionService#_doActivateExtension vscode.npm, startup: true, activationEvent: 'workspaceContains:package.json'
2024-01-10 14:22:18.937 [info] ExtensionService#_doActivateExtension vscode.git, startup: true, activationEvent: '*'
2024-01-10 14:22:18.973 [info] ExtensionService#_doActivateExtension vscode.github, startup: true, activationEvent: '*'
2024-01-10 14:22:19.093 [info] Eager extensions activated
2024-01-10 14:22:19.106 [info] ExtensionService#_doActivateExtension vscode.debug-auto-launch, startup: false, activationEvent: 'onStartupFinished'
2024-01-10 14:22:19.109 [info] ExtensionService#_doActivateExtension vscode.merge-conflict, startup: false, activationEvent: 'onStartupFinished'
2024-01-10 15:11:02.763 [info] ExtensionService#_doActivateExtension vscode.php-language-features, startup: false, activationEvent: 'onLanguage:php'
2024-01-10 15:11:02.780 [info] ExtensionService#_doActivateExtension bmewburn.vscode-intelephense-client, startup: false, activationEvent: 'onLanguage:php'
2024-01-11 10:18:56.034 [info] Extension host terminating: renderer closed the MessagePort
2024-01-11 10:18:56.055 [error] An error occurred when deactivating the subscriptions for extension 'bmewburn.vscode-intelephense-client':
2024-01-11 10:18:56.080 [error] TypeError: Cannot read private member #e from an object whose class did not declare it
	at Object.dispose (/snap/code/148/usr/share/code/resources/app/out/vs/workbench/api/node/extensionHostProcess.js:137:3693)
	at s (/snap/code/148/usr/share/code/resources/app/out/vs/workbench/api/node/extensionHostProcess.js:30:754)
	at f.cb (/snap/code/148/usr/share/code/resources/app/out/vs/workbench/api/node/extensionHostProcess.js:154:9873)
	at /snap/code/148/usr/share/code/resources/app/out/vs/workbench/api/node/extensionHostProcess.js:154:7808
	at Array.map (<anonymous>)
	at f.Y (/snap/code/148/usr/share/code/resources/app/out/vs/workbench/api/node/extensionHostProcess.js:154:7795)
	at f.terminate (/snap/code/148/usr/share/code/resources/app/out/vs/workbench/api/node/extensionHostProcess.js:154:8068)
	at s.terminate (/snap/code/148/usr/share/code/resources/app/out/vs/workbench/api/node/extensionHostProcess.js:158:1513)
	at a (/snap/code/148/usr/share/code/resources/app/out/vs/workbench/api/node/extensionHostProcess.js:171:9802)
	at MessagePortMain.<anonymous> (/snap/code/148/usr/share/code/resources/app/out/vs/workbench/api/node/extensionHostProcess.js:171:6227)
	at MessagePortMain.emit (node:events:513:28)
	at MessagePortMain._internalPort.emit (node:electron/js2c/utility_init:2:367)
2024-01-11 10:18:56.082 [info] Extension host with pid 87466 exiting with code 0
