2024-01-10 14:22:19.117 [info] Log level: Info
2024-01-10 14:22:19.117 [info] Validating found git in: "git"
2024-01-10 14:22:19.117 [info] Using git "2.34.1" from "git"
2024-01-10 14:22:19.117 [info] > git rev-parse --show-toplevel [5ms]
2024-01-10 14:22:19.117 [info] fatal: no es un repositorio git (ni ninguno de los directorios superiores): .git
2024-01-10 14:22:19.117 [info] > git rev-parse --show-toplevel [10ms]
2024-01-10 14:22:19.117 [info] fatal: no es un repositorio git (ni ninguno de los directorios superiores): .git
2024-01-10 14:22:19.117 [info] > git rev-parse --show-toplevel [2ms]
2024-01-10 14:22:19.117 [info] fatal: no es un repositorio git (ni ninguno de los directorios superiores): .git
2024-01-10 14:22:19.131 [info] > git rev-parse --show-toplevel [8ms]
2024-01-10 14:22:19.131 [info] fatal: no es un repositorio git (ni ninguno de los directorios superiores): .git
2024-01-10 14:22:19.139 [info] > git rev-parse --show-toplevel [1ms]
2024-01-10 14:22:19.139 [info] fatal: no es un repositorio git (ni ninguno de los directorios superiores): .git
2024-01-10 14:22:19.148 [info] > git rev-parse --show-toplevel [1ms]
2024-01-10 14:22:19.148 [info] fatal: no es un repositorio git (ni ninguno de los directorios superiores): .git
2024-01-10 14:22:19.157 [info] > git rev-parse --show-toplevel [1ms]
2024-01-10 14:22:19.157 [info] fatal: no es un repositorio git (ni ninguno de los directorios superiores): .git
2024-01-10 14:22:19.167 [info] > git rev-parse --show-toplevel [1ms]
2024-01-10 14:22:19.167 [info] fatal: no es un repositorio git (ni ninguno de los directorios superiores): .git
2024-01-10 14:22:19.177 [info] > git rev-parse --show-toplevel [2ms]
2024-01-10 14:22:19.177 [info] fatal: no es un repositorio git (ni ninguno de los directorios superiores): .git
2024-01-10 14:22:19.185 [info] > git rev-parse --show-toplevel [1ms]
2024-01-10 14:22:19.185 [info] fatal: no es un repositorio git (ni ninguno de los directorios superiores): .git
2024-01-10 14:22:19.199 [info] > git rev-parse --show-toplevel [6ms]
2024-01-10 14:22:19.199 [info] fatal: no es un repositorio git (ni ninguno de los directorios superiores): .git
2024-01-10 14:22:19.217 [info] > git rev-parse --show-toplevel [12ms]
2024-01-10 14:22:19.217 [info] fatal: no es un repositorio git (ni ninguno de los directorios superiores): .git
2024-01-10 14:22:19.227 [info] > git rev-parse --show-toplevel [1ms]
2024-01-10 14:22:19.227 [info] fatal: no es un repositorio git (ni ninguno de los directorios superiores): .git
2024-01-10 14:22:25.828 [info] > git rev-parse --show-toplevel [1ms]
2024-01-10 14:22:25.828 [info] fatal: no es un repositorio git (ni ninguno de los directorios superiores): .git
2024-01-10 15:11:02.750 [info] > git rev-parse --show-toplevel [15ms]
2024-01-10 15:11:02.750 [info] fatal: no es un repositorio git (ni ninguno de los directorios superiores): .git
2024-01-11 10:08:49.743 [info] > git rev-parse --show-toplevel [6ms]
2024-01-11 10:08:49.743 [info] fatal: no es un repositorio git (ni ninguno de los directorios superiores): .git
2024-01-11 10:08:49.748 [info] > git rev-parse --show-toplevel [0ms]
2024-01-11 10:08:49.748 [info] fatal: no es un repositorio git (ni ninguno de los directorios superiores): .git
2024-01-11 10:08:49.752 [info] > git rev-parse --show-toplevel [1ms]
2024-01-11 10:08:49.752 [info] fatal: no es un repositorio git (ni ninguno de los directorios superiores): .git
2024-01-11 10:08:49.757 [info] > git rev-parse --show-toplevel [1ms]
2024-01-11 10:08:49.757 [info] fatal: no es un repositorio git (ni ninguno de los directorios superiores): .git
2024-01-11 10:08:49.761 [info] > git rev-parse --show-toplevel [1ms]
2024-01-11 10:08:49.761 [info] fatal: no es un repositorio git (ni ninguno de los directorios superiores): .git
2024-01-11 10:08:49.766 [info] > git rev-parse --show-toplevel [1ms]
2024-01-11 10:08:49.766 [info] fatal: no es un repositorio git (ni ninguno de los directorios superiores): .git
2024-01-11 10:08:49.770 [info] > git rev-parse --show-toplevel [0ms]
2024-01-11 10:08:49.770 [info] fatal: no es un repositorio git (ni ninguno de los directorios superiores): .git
2024-01-11 10:08:49.773 [info] > git rev-parse --show-toplevel [0ms]
2024-01-11 10:08:49.773 [info] fatal: no es un repositorio git (ni ninguno de los directorios superiores): .git
2024-01-11 10:08:49.777 [info] > git rev-parse --show-toplevel [1ms]
2024-01-11 10:08:49.777 [info] fatal: no es un repositorio git (ni ninguno de los directorios superiores): .git
2024-01-11 10:08:49.781 [info] > git rev-parse --show-toplevel [1ms]
2024-01-11 10:08:49.781 [info] fatal: no es un repositorio git (ni ninguno de los directorios superiores): .git
2024-01-11 10:09:14.860 [info] > git rev-parse --show-toplevel [3ms]
2024-01-11 10:09:14.860 [info] fatal: no es un repositorio git (ni ninguno de los directorios superiores): .git
2024-01-11 10:09:14.874 [info] > git rev-parse --show-toplevel [2ms]
2024-01-11 10:09:14.874 [info] fatal: no es un repositorio git (ni ninguno de los directorios superiores): .git
2024-01-11 10:09:14.885 [info] > git rev-parse --show-toplevel [2ms]
2024-01-11 10:09:14.886 [info] fatal: no es un repositorio git (ni ninguno de los directorios superiores): .git
2024-01-11 10:09:14.896 [info] > git rev-parse --show-toplevel [2ms]
2024-01-11 10:09:14.896 [info] fatal: no es un repositorio git (ni ninguno de los directorios superiores): .git
2024-01-11 10:09:14.907 [info] > git rev-parse --show-toplevel [2ms]
2024-01-11 10:09:14.907 [info] fatal: no es un repositorio git (ni ninguno de los directorios superiores): .git
2024-01-11 10:09:14.918 [info] > git rev-parse --show-toplevel [1ms]
2024-01-11 10:09:14.918 [info] fatal: no es un repositorio git (ni ninguno de los directorios superiores): .git
2024-01-11 10:09:14.928 [info] > git rev-parse --show-toplevel [1ms]
2024-01-11 10:09:14.928 [info] fatal: no es un repositorio git (ni ninguno de los directorios superiores): .git
2024-01-11 10:09:14.937 [info] > git rev-parse --show-toplevel [1ms]
2024-01-11 10:09:14.937 [info] fatal: no es un repositorio git (ni ninguno de los directorios superiores): .git
2024-01-11 10:09:14.943 [info] > git rev-parse --show-toplevel [1ms]
2024-01-11 10:09:14.944 [info] fatal: no es un repositorio git (ni ninguno de los directorios superiores): .git
2024-01-11 10:09:14.949 [info] > git rev-parse --show-toplevel [1ms]
2024-01-11 10:09:14.949 [info] fatal: no es un repositorio git (ni ninguno de los directorios superiores): .git
2024-01-11 10:09:37.552 [info] > git rev-parse --show-toplevel [43ms]
2024-01-11 10:09:37.552 [info] fatal: no es un repositorio git (ni ninguno de los directorios superiores): .git
2024-01-11 10:09:37.571 [info] > git rev-parse --show-toplevel [14ms]
2024-01-11 10:09:37.571 [info] fatal: no es un repositorio git (ni ninguno de los directorios superiores): .git
2024-01-11 10:09:37.577 [info] > git rev-parse --show-toplevel [2ms]
2024-01-11 10:09:37.577 [info] fatal: no es un repositorio git (ni ninguno de los directorios superiores): .git
2024-01-11 10:09:37.592 [info] > git rev-parse --show-toplevel [2ms]
2024-01-11 10:09:37.592 [info] fatal: no es un repositorio git (ni ninguno de los directorios superiores): .git
2024-01-11 10:09:37.604 [info] > git rev-parse --show-toplevel [2ms]
2024-01-11 10:09:37.604 [info] fatal: no es un repositorio git (ni ninguno de los directorios superiores): .git
2024-01-11 10:09:37.619 [info] > git rev-parse --show-toplevel [9ms]
2024-01-11 10:09:37.619 [info] fatal: no es un repositorio git (ni ninguno de los directorios superiores): .git
2024-01-11 10:09:37.625 [info] > git rev-parse --show-toplevel [2ms]
2024-01-11 10:09:37.625 [info] fatal: no es un repositorio git (ni ninguno de los directorios superiores): .git
2024-01-11 10:09:37.640 [info] > git rev-parse --show-toplevel [2ms]
2024-01-11 10:09:37.640 [info] fatal: no es un repositorio git (ni ninguno de los directorios superiores): .git
2024-01-11 10:09:37.656 [info] > git rev-parse --show-toplevel [1ms]
2024-01-11 10:09:37.656 [info] fatal: no es un repositorio git (ni ninguno de los directorios superiores): .git
2024-01-11 10:09:37.671 [info] > git rev-parse --show-toplevel [5ms]
2024-01-11 10:09:37.671 [info] fatal: no es un repositorio git (ni ninguno de los directorios superiores): .git
2024-01-11 10:17:49.048 [info] > git rev-parse --show-toplevel [1ms]
2024-01-11 10:17:49.048 [info] fatal: no es un repositorio git (ni ninguno de los directorios superiores): .git
2024-01-11 10:17:49.056 [info] > git rev-parse --show-toplevel [1ms]
2024-01-11 10:17:49.056 [info] fatal: no es un repositorio git (ni ninguno de los directorios superiores): .git
2024-01-11 10:17:49.064 [info] > git rev-parse --show-toplevel [2ms]
2024-01-11 10:17:49.064 [info] fatal: no es un repositorio git (ni ninguno de los directorios superiores): .git
2024-01-11 10:17:49.073 [info] > git rev-parse --show-toplevel [1ms]
2024-01-11 10:17:49.073 [info] fatal: no es un repositorio git (ni ninguno de los directorios superiores): .git
2024-01-11 10:17:49.079 [info] > git rev-parse --show-toplevel [1ms]
2024-01-11 10:17:49.079 [info] fatal: no es un repositorio git (ni ninguno de los directorios superiores): .git
2024-01-11 10:17:49.086 [info] > git rev-parse --show-toplevel [1ms]
2024-01-11 10:17:49.086 [info] fatal: no es un repositorio git (ni ninguno de los directorios superiores): .git
2024-01-11 10:17:49.093 [info] > git rev-parse --show-toplevel [1ms]
2024-01-11 10:17:49.093 [info] fatal: no es un repositorio git (ni ninguno de los directorios superiores): .git
2024-01-11 10:17:49.098 [info] > git rev-parse --show-toplevel [1ms]
2024-01-11 10:17:49.098 [info] fatal: no es un repositorio git (ni ninguno de los directorios superiores): .git
2024-01-11 10:17:49.103 [info] > git rev-parse --show-toplevel [1ms]
2024-01-11 10:17:49.103 [info] fatal: no es un repositorio git (ni ninguno de los directorios superiores): .git
2024-01-11 10:17:59.924 [info] > git rev-parse --show-toplevel [2ms]
2024-01-11 10:17:59.924 [info] fatal: no es un repositorio git (ni ninguno de los directorios superiores): .git
2024-01-11 10:18:10.840 [info] > git rev-parse --show-toplevel [1ms]
2024-01-11 10:18:10.840 [info] fatal: no es un repositorio git (ni ninguno de los directorios superiores): .git
2024-01-11 10:18:10.845 [info] > git rev-parse --show-toplevel [1ms]
2024-01-11 10:18:10.845 [info] fatal: no es un repositorio git (ni ninguno de los directorios superiores): .git
2024-01-11 10:18:10.850 [info] > git rev-parse --show-toplevel [0ms]
2024-01-11 10:18:10.850 [info] fatal: no es un repositorio git (ni ninguno de los directorios superiores): .git
2024-01-11 10:18:10.856 [info] > git rev-parse --show-toplevel [1ms]
2024-01-11 10:18:10.856 [info] fatal: no es un repositorio git (ni ninguno de los directorios superiores): .git
2024-01-11 10:18:10.860 [info] > git rev-parse --show-toplevel [1ms]
2024-01-11 10:18:10.860 [info] fatal: no es un repositorio git (ni ninguno de los directorios superiores): .git
2024-01-11 10:18:10.864 [info] > git rev-parse --show-toplevel [1ms]
2024-01-11 10:18:10.864 [info] fatal: no es un repositorio git (ni ninguno de los directorios superiores): .git
2024-01-11 10:18:10.869 [info] > git rev-parse --show-toplevel [1ms]
2024-01-11 10:18:10.869 [info] fatal: no es un repositorio git (ni ninguno de los directorios superiores): .git
2024-01-11 10:18:10.873 [info] > git rev-parse --show-toplevel [1ms]
2024-01-11 10:18:10.873 [info] fatal: no es un repositorio git (ni ninguno de los directorios superiores): .git
2024-01-11 10:18:10.877 [info] > git rev-parse --show-toplevel [0ms]
2024-01-11 10:18:10.877 [info] fatal: no es un repositorio git (ni ninguno de los directorios superiores): .git
